build/app/outputs/mapping/release/seeds.txt
com.be.desistore.MainActivity
com.be.desistore.MainActivity: MainActivity()
...
com.facebook.appevents.codeless.internal.EventBinding$ActionType: com.facebook.appevents.codeless.internal.EventBinding$ActionType[] values()
androidx.appcompat.widget.AppCompatMultiAutoCompleteTextView
com.google.android.gms.internal.measurement.zzfy: java.lang.String zzr
kotlin.text.Regex
com.google.android.gms.internal.measurement.zzgm: com.google.android.gms.internal.measurement.zzgm zza
org.chromium.support_lib_boundary.ServiceWorkerControllerBoundaryInterface: java.lang.reflect.InvocationHandler getServiceWorkerWebSettings()
androidx.appcompat.widget.ActionBarContainer: android.view.View getTabContainer()
io.flutter.embedding.engine.FlutterJNI: void nativeDispatchPointerDataPacket(long,java.nio.ByteBuffer,int)
io.flutter.embedding.engine.FlutterJNI: void prefetchDefaultFontManager()
androidx.lifecycle.Lifecycle$State: androidx.lifecycle.Lifecycle$State[] values()
org.chromium.support_lib_boundary.ServiceWorkerWebSettingsBoundaryInterface: boolean getAllowFileAccess()
com.facebook.login.LoginClient$Request: android.os.Parcelable$Creator CREATOR
com.google.zxing.oned.Code128Writer$CType: com.google.zxing.oned.Code128Writer$CType valueOf(java.lang.String)
com.google.android.gms.internal.measurement.zzeq: java.lang.String zzi
kotlin.text.Regex$Serialized: long serialVersionUID
androidx.legacy.content.WakefulBroadcastReceiver: WakefulBroadcastReceiver()
com.google.android.gms.common.internal.ResolveAccountRequest: android.os.Parcelable$Creator CREATOR
io.flutter.view.AccessibilityBridge$Flag: io.flutter.view.AccessibilityBridge$Flag valueOf(java.lang.String)
io.flutter.plugin.editing.ImeSyncDeferringInsetsCallback: boolean animating
com.google.android.gms.internal.firebase-auth-api.zzma: android.os.Parcelable$Creator CREATOR
androidx.appcompat.widget.ActionBarContainer: void setPrimaryBackground(android.graphics.drawable.Drawable)
com.google.android.gms.internal.firebase-auth-api.zzez: com.google.android.gms.internal.firebase-auth-api.zzhw zzf
com.google.android.gms.internal.firebase-auth-api.zzhj
io.flutter.view.AccessibilityViewEmbedder: void copyAccessibilityFields(android.view.accessibility.AccessibilityNodeInfo,android.view.accessibility.AccessibilityNodeInfo)
androidx.appcompat.view.menu.ActionMenuItemView: void setIcon(android.graphics.drawable.Drawable)
io.flutter.view.AccessibilityViewEmbedder: android.view.accessibility.AccessibilityNodeInfo createAccessibilityNodeInfo(int)
com.facebook.messenger.Messenger
androidx.appcompat.widget.ActionBarContainer: void setSplitBackground(android.graphics.drawable.Drawable)
com.google.android.gms.internal.measurement.zzeh
androidx.appcompat.widget.AppCompatSpinner: int getDropDownVerticalOffset()
androidx.fragment.app.FragmentState: android.os.Parcelable$Creator CREATOR
com.google.android.gms.measurement.internal.AppMeasurementDynamiteService: void setConsentThirdParty(android.os.Bundle,long)
io.flutter.embedding.engine.FlutterJNI: void ensureNotAttachedToNative()
android.support.v4.media.MediaBrowserCompat$MediaItem: android.os.Parcelable$Creator CREATOR
androidx.vectordrawable.graphics.drawable.VectorDrawableCompat$VGroup: void setPivotX(float)
androidx.appcompat.widget.Toolbar: int getCurrentContentInsetEnd()
android.support.v4.app.RemoteActionCompatParcelizer
android.support.v4.media.MediaMetadataCompat
androidx.appcompat.widget.SearchView: void setOnSuggestionListener(androidx.appcompat.widget.SearchView$OnSuggestionListener)
com.google.zxing.common.CharacterSetECI: com.google.zxing.common.CharacterSetECI[] values()
io.flutter.plugin.editing.ImeSyncDeferringInsetsCallback: android.view.View$OnApplyWindowInsetsListener getInsetsListener()
io.flutter.embedding.android.FlutterSplashView$SavedState: java.lang.String access$600(io.flutter.embedding.android.FlutterSplashView$SavedState)
androidx.appcompat.widget.Toolbar: void setContentInsetEndWithActions(int)
com.google.android.gms.dynamite.descriptors.com.google.firebase.auth.ModuleDescriptor: java.lang.String MODULE_ID