build/app/outputs/mapping/release/mapping.txt
# compiler: R8
# compiler_version: 2.1.62
# min_api: 21
# pg_map_id: 621184d
# common_typos_disable
...
com.google.android.gms.measurement.internal.zzcq -> com.google.android.gms.measurement.internal.t1:
    com.google.android.gms.measurement.internal.zzcq zza -> a
    java.lang.Object zza() -> a
com.google.android.gms.measurement.internal.zzcr -> com.google.android.gms.measurement.internal.u1:
    com.google.android.gms.measurement.internal.zzcr zza -> a
    java.lang.Object zza() -> a
com.google.android.gms.measurement.internal.zzcs -> com.google.android.gms.measurement.internal.v1:
    com.google.android.gms.measurement.internal.zzcs zza -> a
    java.lang.Object zza() -> a
com.google.android.gms.measurement.internal.zzct -> com.google.android.gms.measurement.internal.w1:
    com.google.android.gms.measurement.internal.zzct zza -> a
    java.lang.Object zza() -> a
com.google.android.gms.measurement.internal.zzcu -> com.google.android.gms.measurement.internal.x1:
    com.google.android.gms.measurement.internal.zzcu zza -> a
    java.lang.Object zza() -> a
com.google.android.gms.measurement.internal.zzcv -> com.google.android.gms.measurement.internal.y1:
    com.google.android.gms.measurement.internal.zzcv zza -> a
    java.lang.Object zza() -> a
com.google.android.gms.measurement.internal.zzcw -> com.google.android.gms.measurement.internal.z1:
    com.google.android.gms.measurement.internal.zzcw zza -> a
    java.lang.Object zza() -> a
com.google.android.gms.measurement.internal.zzcx -> com.google.android.gms.measurement.internal.a2:
    com.google.android.gms.measurement.internal.zzcx zza -> a
    java.lang.Object zza() -> a
com.google.android.gms.measurement.internal.zzcy -> com.google.android.gms.measurement.internal.b2:
    com.google.android.gms.measurement.internal.zzcy zza -> a
    java.lang.Object zza() -> a
com.google.android.gms.measurement.internal.zzcz -> com.google.android.gms.measurement.internal.c2:
    com.google.android.gms.measurement.internal.zzcz zza -> a
    java.lang.Object zza() -> a
com.google.android.gms.measurement.internal.zzd -> com.google.android.gms.measurement.internal.d2:
    java.util.Map zza -> b
    java.util.Map zzb -> c
    long zzc -> d
    void zza(com.google.android.gms.measurement.internal.zzd,java.lang.String,long) -> i
    void zzb(com.google.android.gms.measurement.internal.zzd,java.lang.String,long) -> j
    void zzc(com.google.android.gms.measurement.internal.zzd,long) -> k
    void zzd(java.lang.String,long) -> l
    void zze(java.lang.String,long) -> m
    void zzf(long) -> n
    void zzh(long,com.google.android.gms.measurement.internal.zzic) -> o
    void zzi(java.lang.String,long,com.google.android.gms.measurement.internal.zzic) -> p
    void zzj(long) -> q
com.google.android.gms.measurement.internal.zzda -> com.google.android.gms.measurement.internal.e2:
    com.google.android.gms.measurement.internal.zzda zza -> a
    java.lang.Object zza() -> a
com.google.android.gms.measurement.internal.zzdb -> com.google.android.gms.measurement.internal.f2:
    com.google.android.gms.measurement.internal.zzdb zza -> a
    java.lang.Object zza() -> a
com.google.android.gms.measurement.internal.zzdc -> com.google.android.gms.measurement.internal.g2:
    com.google.android.gms.measurement.internal.zzdc zza -> a
    java.lang.Object zza() -> a
com.google.android.gms.measurement.internal.zzdd -> com.google.android.gms.measurement.internal.h2:
    com.google.android.gms.measurement.internal.zzdd zza -> a
    java.lang.Object zza() -> a
com.google.android.gms.measurement.internal.zzde -> com.google.android.gms.measurement.internal.i2:
    com.google.android.gms.measurement.internal.zzde zza -> a
    java.lang.Object zza() -> a
com.google.android.gms.measurement.internal.zzdf -> com.google.android.gms.measurement.internal.j2:
    com.google.android.gms.measurement.internal.zzdf zza -> a
    java.lang.Object zza() -> a