build/app/outputs/mapping/release/usage.txt
com.be.desistore.R$bool
com.be.desistore.R$layout
com.be.desistore.R$id
com.be.desistore.R$string
com.be.desistore.R$interpolator
com.be.desistore.R$dimen
com.be.desistore.BuildConfig
com.be.desistore.R$integer
com.be.desistore.R$anim
com.be.desistore.R$style
com.be.desistore.R$styleable
com.be.desistore.R$color
com.be.desistore.R$attr
com.be.desistore.R
com.be.desistore.R$drawable
com.be.desistore.R$mipmap
...
androidx.appcompat.app.AppCompatDelegateImpl$PanelFeatureState$SavedState
androidx.core.util.LongSparseArrayKt$keyIterator$1
com.facebook.internal.WorkQueue
com.google.common.hash.BloomFilterStrategies$1
kotlin.comparisons.UComparisonsKt___UComparisonsKt
androidx.annotation.PluralsRes
com.google.common.collect.HashBasedTable$Factory
kotlin.reflect.KProperty2
com.google.firebase.heartbeatinfo.HeartBeatInfoStorage:
    void <init>(android.content.SharedPreferences,android.content.SharedPreferences)
    private synchronized void cleanUpStoredHeartBeats()
    int getHeartBeatCount()
    synchronized void storeHeartBeatInformation(java.lang.String,long)
    synchronized long getLastGlobalHeartBeat()
    synchronized void updateGlobalHeartBeat(long)
    synchronized java.util.List getStoredHeartBeats(boolean)
    synchronized void clearStoredHeartBeats()
    private static final java.lang.String GLOBAL
    private static final java.lang.String PREFERENCES_NAME
    private static final java.lang.String HEART_BEAT_COUNT_TAG
    private static final int HEART_BEAT_COUNT_LIMIT
    private static final java.lang.String STORAGE_PREFERENCES_NAME
androidx.core.animation.AnimatorKt$doOnPause$$inlined$addPauseListener$1
com.google.zxing.oned.EAN13Reader:
    public void <init>()
    private static void determineFirstDigit(java.lang.StringBuilder,int)
    protected int decodeMiddle(com.google.zxing.common.BitArray,int[],java.lang.StringBuilder)
    com.google.zxing.BarcodeFormat getBarcodeFormat()
    private final int[] decodeMiddleCounters
com.facebook.login.widget.LoginButton$3
com.google.firebase.components.Dependency:
    public static com.google.firebase.components.Dependency optional(java.lang.Class)
    public static com.google.firebase.components.Dependency deferred(java.lang.Class)
    public static com.google.firebase.components.Dependency requiredProvider(java.lang.Class)
    public static com.google.firebase.components.Dependency setOfProvider(java.lang.Class)
com.facebook.messenger.ShareToMessengerParams
com.google.common.collect.StandardTable$RowMap$EntrySet$1
androidx.multidex.MultiDexExtractor$ExtractedDex
kotlin.comparisons.ComparisonsKt__ComparisonsKt$compareByDescending$1
com.google.common.util.concurrent.ListenerCallQueue
io.flutter.embedding.engine.plugins.shim.ShimPluginRegistry$ShimRegistrarAggregate
androidx.vectordrawable.animated.R$style
com.google.zxing.maxicode.decoder.BitMatrixParser
kotlin.io.FilesKt
com.facebook.internal.ImageResponseCache$BufferedHttpInputStream
kotlin.jvm.internal.LongCompanionObject
androidx.browser.customtabs.TrustedWebUtils
com.google.common.escape.CharEscaperBuilder$CharArrayDecorator
com.google.common.reflect.TypeResolver$TypeVariableKey
com.facebook.share.widget.GameRequestDialog$1
kotlin.time.AdjustedTimeMark
io.flutter.plugins.webviewflutter.R$integer
com.google.common.base.Equivalence$Identity
com.google.common.collect.MultimapBuilder$MultimapBuilderWithKeys$6